<?xml version="1.0" encoding="UTF-8"?>
<!-- Generated by org.testng.reporters.JUnitReportReporter -->
<testsuite hostname="DESKTOP-UHOFR4S" failures="0" tests="4" name="Test_package.TestClass" time="9.338" errors="0" timestamp="2023-03-23T17:10:13 IST" skipped="0">
  <testcase classname="Test_package.TestClass" name="test3" time="0.008"/>
  <system-out/>
  <testcase classname="Test_package.TestClass" name="test1" time="9.305"/>
  <system-out/>
  <testcase classname="Test_package.TestClass" name="test2" time="0.010"/>
  <system-out/>
  <testcase classname="Test_package.TestClass" name="test4" time="0.015"/>
  <system-out/>
</testsuite> <!-- Test_package.TestClass -->
